Analysis & Synthesis report for selena_gomes
Fri Jul 19 15:09:06 2024
Quartus Prime Version 20.1.1 Build 720 11/11/2020 SJ Lite Edition


---------------------
; Table of Contents ;
---------------------
  1. Legal Notice
  2. Analysis & Synthesis Summary
  3. Analysis & Synthesis Settings
  4. Parallel Compilation
  5. Analysis & Synthesis Source Files Read
  6. Analysis & Synthesis Resource Usage Summary
  7. Analysis & Synthesis Resource Utilization by Entity
  8. State Machine - |main|MEF1:comb_18|state
  9. State Machine - |main|MEF2:comb_17|state
 10. State Machine - |main|limp_register:comb_16|state
 11. User-Specified and Inferred Latches
 12. Registers Removed During Synthesis
 13. General Register Statistics
 14. Parameter Settings for User Entity Instance: limp_register:comb_16
 15. Parameter Settings for User Entity Instance: MEF2:comb_17
 16. Parameter Settings for User Entity Instance: MEF1:comb_18
 17. Port Connectivity Checks: "MEF1:comb_18"
 18. Port Connectivity Checks: "clock_divisor:comb_14"
 19. Port Connectivity Checks: "clock_divisor:comb_13"
 20. Port Connectivity Checks: "clock_divisor:comb_12"
 21. Port Connectivity Checks: "clock_divisor:comb_11"
 22. Port Connectivity Checks: "clock_divisor:comb_10|flipflop_t:comb_7"
 23. Port Connectivity Checks: "clock_divisor:comb_10|flipflop_t:comb_6"
 24. Port Connectivity Checks: "clock_divisor:comb_10|flipflop_t:comb_5"
 25. Port Connectivity Checks: "clock_divisor:comb_10|flipflop_t:comb_4"
 26. Port Connectivity Checks: "clock_divisor:comb_10|flipflop_t:comb_3"
 27. Port Connectivity Checks: "clock_divisor:comb_10"
 28. Analysis & Synthesis Messages
 29. Analysis & Synthesis Suppressed Messages



----------------
; Legal Notice ;
----------------
Copyright (C) 2020  Intel Corporation. All rights reserved.
Your use of Intel Corporation's design tools, logic functions 
and other software and tools, and any partner logic 
functions, and any output files from any of the foregoing 
(including device programming or simulation files), and any 
associated documentation or information are expressly subject 
to the terms and conditions of the Intel Program License 
Subscription Agreement, the Intel Quartus Prime License Agreement,
the Intel FPGA IP License Agreement, or other applicable license
agreement, including, without limitation, that your use is for
the sole purpose of programming logic devices manufactured by
Intel and sold by Intel or its authorized distributors.  Please
refer to the applicable agreement for further details, at
https://fpgasoftware.intel.com/eula.



+---------------------------------------------------------------------------+
; Analysis & Synthesis Summary                                              ;
+-----------------------------+---------------------------------------------+
; Analysis & Synthesis Status ; Successful - Fri Jul 19 15:09:06 2024       ;
; Quartus Prime Version       ; 20.1.1 Build 720 11/11/2020 SJ Lite Edition ;
; Revision Name               ; selena_gomes                                ;
; Top-level Entity Name       ; main                                        ;
; Family                      ; MAX II                                      ;
; Total logic elements        ; 49                                          ;
; Total pins                  ; 13                                          ;
; Total virtual pins          ; 0                                           ;
; UFM blocks                  ; 0 / 1 ( 0 % )                               ;
+-----------------------------+---------------------------------------------+


+------------------------------------------------------------------------------------------------------------+
; Analysis & Synthesis Settings                                                                              ;
+------------------------------------------------------------------+--------------------+--------------------+
; Option                                                           ; Setting            ; Default Value      ;
+------------------------------------------------------------------+--------------------+--------------------+
; Device                                                           ; EPM240T100C5       ;                    ;
; Top-level entity name                                            ; main               ; selena_gomes       ;
; Family name                                                      ; MAX II             ; Cyclone V          ;
; Use smart compilation                                            ; Off                ; Off                ;
; Enable parallel Assembler and Timing Analyzer during compilation ; On                 ; On                 ;
; Enable compact report table                                      ; Off                ; Off                ;
; Restructure Multiplexers                                         ; Auto               ; Auto               ;
; Create Debugging Nodes for IP Cores                              ; Off                ; Off                ;
; Preserve fewer node names                                        ; On                 ; On                 ;
; Intel FPGA IP Evaluation Mode                                    ; Enable             ; Enable             ;
; Verilog Version                                                  ; Verilog_2001       ; Verilog_2001       ;
; VHDL Version                                                     ; VHDL_1993          ; VHDL_1993          ;
; State Machine Processing                                         ; Auto               ; Auto               ;
; Safe State Machine                                               ; Off                ; Off                ;
; Extract Verilog State Machines                                   ; On                 ; On                 ;
; Extract VHDL State Machines                                      ; On                 ; On                 ;
; Ignore Verilog initial constructs                                ; Off                ; Off                ;
; Iteration limit for constant Verilog loops                       ; 5000               ; 5000               ;
; Iteration limit for non-constant Verilog loops                   ; 250                ; 250                ;
; Add Pass-Through Logic to Inferred RAMs                          ; On                 ; On                 ;
; Infer RAMs from Raw Logic                                        ; On                 ; On                 ;
; Parallel Synthesis                                               ; On                 ; On                 ;
; NOT Gate Push-Back                                               ; On                 ; On                 ;
; Power-Up Don't Care                                              ; On                 ; On                 ;
; Remove Redundant Logic Cells                                     ; Off                ; Off                ;
; Remove Duplicate Registers                                       ; On                 ; On                 ;
; Ignore CARRY Buffers                                             ; Off                ; Off                ;
; Ignore CASCADE Buffers                                           ; Off                ; Off                ;
; Ignore GLOBAL Buffers                                            ; Off                ; Off                ;
; Ignore ROW GLOBAL Buffers                                        ; Off                ; Off                ;
; Ignore LCELL Buffers                                             ; Off                ; Off                ;
; Ignore SOFT Buffers                                              ; On                 ; On                 ;
; Limit AHDL Integers to 32 Bits                                   ; Off                ; Off                ;
; Optimization Technique                                           ; Balanced           ; Balanced           ;
; Carry Chain Length                                               ; 70                 ; 70                 ;
; Auto Carry Chains                                                ; On                 ; On                 ;
; Auto Open-Drain Pins                                             ; On                 ; On                 ;
; Perform WYSIWYG Primitive Resynthesis                            ; Off                ; Off                ;
; Auto Shift Register Replacement                                  ; Auto               ; Auto               ;
; Allow Shift Register Merging across Hierarchies                  ; Auto               ; Auto               ;
; Auto Clock Enable Replacement                                    ; On                 ; On                 ;
; Allow Synchronous Control Signals                                ; On                 ; On                 ;
; Force Use of Synchronous Clear Signals                           ; Off                ; Off                ;
; Auto Resource Sharing                                            ; Off                ; Off                ;
; Use LogicLock Constraints during Resource Balancing              ; On                 ; On                 ;
; Ignore translate_off and synthesis_off directives                ; Off                ; Off                ;
; Report Parameter Settings                                        ; On                 ; On                 ;
; Report Source Assignments                                        ; On                 ; On                 ;
; Report Connectivity Checks                                       ; On                 ; On                 ;
; Ignore Maximum Fan-Out Assignments                               ; Off                ; Off                ;
; Synchronization Register Chain Length                            ; 2                  ; 2                  ;
; Power Optimization During Synthesis                              ; Normal compilation ; Normal compilation ;
; HDL message level                                                ; Level2             ; Level2             ;
; Suppress Register Optimization Related Messages                  ; Off                ; Off                ;
; Number of Removed Registers Reported in Synthesis Report         ; 5000               ; 5000               ;
; Number of Swept Nodes Reported in Synthesis Report               ; 5000               ; 5000               ;
; Number of Inverted Registers Reported in Synthesis Report        ; 100                ; 100                ;
; Clock MUX Protection                                             ; On                 ; On                 ;
; Block Design Naming                                              ; Auto               ; Auto               ;
; Synthesis Effort                                                 ; Auto               ; Auto               ;
; Shift Register Replacement - Allow Asynchronous Clear Signal     ; On                 ; On                 ;
; Analysis & Synthesis Message Level                               ; Medium             ; Medium             ;
; Disable Register Merging Across Hierarchies                      ; Auto               ; Auto               ;
+------------------------------------------------------------------+--------------------+--------------------+


+------------------------------------------+
; Parallel Compilation                     ;
+----------------------------+-------------+
; Processors                 ; Number      ;
+----------------------------+-------------+
; Number detected on machine ; 6           ;
; Maximum allowed            ; 6           ;
;                            ;             ;
; Average used               ; 1.00        ;
; Maximum used               ; 1           ;
;                            ;             ;
; Usage by Processor         ; % Time Used ;
;     Processor 1            ; 100.0%      ;
+----------------------------+-------------+


+--------------------------------------------------------------------------------------------------------------------------------------+
; Analysis & Synthesis Source Files Read                                                                                               ;
+----------------------------------+-----------------+------------------------+----------------------------------------------+---------+
; File Name with User-Entered Path ; Used in Netlist ; File Type              ; File Name with Absolute Path                 ; Library ;
+----------------------------------+-----------------+------------------------+----------------------------------------------+---------+
; main.v                           ; yes             ; User Verilog HDL File  ; /home/aluno/PBL3_implementa3/main.v          ;         ;
; divisor_clock.v                  ; yes             ; User Verilog HDL File  ; /home/aluno/PBL3_implementa3/divisor_clock.v ;         ;
; nivel_caixa.v                    ; yes             ; User Verilog HDL File  ; /home/aluno/PBL3_implementa3/nivel_caixa.v   ;         ;
; flipflop_t.v                     ; yes             ; User Verilog HDL File  ; /home/aluno/PBL3_implementa3/flipflop_t.v    ;         ;
; MEF1.v                           ; yes             ; User Verilog HDL File  ; /home/aluno/PBL3_implementa3/MEF1.v          ;         ;
; MEF2.v                           ; yes             ; User Verilog HDL File  ; /home/aluno/PBL3_implementa3/MEF2.v          ;         ;
; limp_register.v                  ; yes             ; User Verilog HDL File  ; /home/aluno/PBL3_implementa3/limp_register.v ;         ;
+----------------------------------+-----------------+------------------------+----------------------------------------------+---------+


+----------------------------------------------------------------------+
; Analysis & Synthesis Resource Usage Summary                          ;
+---------------------------------------------+------------------------+
; Resource                                    ; Usage                  ;
+---------------------------------------------+------------------------+
; Total logic elements                        ; 49                     ;
;     -- Combinational with no register       ; 17                     ;
;     -- Register only                        ; 3                      ;
;     -- Combinational with a register        ; 29                     ;
;                                             ;                        ;
; Logic element usage by number of LUT inputs ;                        ;
;     -- 4 input functions                    ; 12                     ;
;     -- 3 input functions                    ; 7                      ;
;     -- 2 input functions                    ; 2                      ;
;     -- 1 input functions                    ; 25                     ;
;     -- 0 input functions                    ; 0                      ;
;                                             ;                        ;
; Logic elements by mode                      ;                        ;
;     -- normal mode                          ; 49                     ;
;     -- arithmetic mode                      ; 0                      ;
;     -- qfbk mode                            ; 0                      ;
;     -- register cascade mode                ; 0                      ;
;     -- synchronous clear/load mode          ; 0                      ;
;     -- asynchronous clear/load mode         ; 7                      ;
;                                             ;                        ;
; Total registers                             ; 32                     ;
; I/O pins                                    ; 13                     ;
; Maximum fan-out node                        ; nivel_caixa:comb_15|ve ;
; Maximum fan-out                             ; 11                     ;
; Total fan-out                               ; 148                    ;
; Average fan-out                             ; 2.39                   ;
+---------------------------------------------+------------------------+


+----------------------------------------------------------------------------------------------------------------------------------------------------------------------------------------------------------------------------------------------------------------+
; Analysis & Synthesis Resource Utilization by Entity                                                                                                                                                                                                            ;
+----------------------------+-------------+--------------+------------+------+--------------+--------------+-------------------+------------------+-----------------+------------+-----------------------------------------------+---------------+--------------+
; Compilation Hierarchy Node ; Logic Cells ; LC Registers ; UFM Blocks ; Pins ; Virtual Pins ; LUT-Only LCs ; Register-Only LCs ; LUT/Register LCs ; Carry Chain LCs ; Packed LCs ; Full Hierarchy Name                           ; Entity Name   ; Library Name ;
+----------------------------+-------------+--------------+------------+------+--------------+--------------+-------------------+------------------+-----------------+------------+-----------------------------------------------+---------------+--------------+
; |main                      ; 49 (0)      ; 32           ; 0          ; 13   ; 0            ; 17 (0)       ; 3 (0)             ; 29 (0)           ; 0 (0)           ; 0 (0)      ; |main                                         ; main          ; work         ;
;    |MEF2:comb_17|          ; 1 (1)       ; 1            ; 0          ; 0    ; 0            ; 0 (0)        ; 0 (0)             ; 1 (1)            ; 0 (0)           ; 0 (0)      ; |main|MEF2:comb_17                            ; MEF2          ; work         ;
;    |clock_divisor:comb_10| ; 5 (0)       ; 5            ; 0          ; 0    ; 0            ; 0 (0)        ; 0 (0)             ; 5 (0)            ; 0 (0)           ; 0 (0)      ; |main|clock_divisor:comb_10                   ; clock_divisor ; work         ;
;       |flipflop_t:comb_3|  ; 1 (1)       ; 1            ; 0          ; 0    ; 0            ; 0 (0)        ; 0 (0)             ; 1 (1)            ; 0 (0)           ; 0 (0)      ; |main|clock_divisor:comb_10|flipflop_t:comb_3 ; flipflop_t    ; work         ;
;       |flipflop_t:comb_4|  ; 1 (1)       ; 1            ; 0          ; 0    ; 0            ; 0 (0)        ; 0 (0)             ; 1 (1)            ; 0 (0)           ; 0 (0)      ; |main|clock_divisor:comb_10|flipflop_t:comb_4 ; flipflop_t    ; work         ;
;       |flipflop_t:comb_5|  ; 1 (1)       ; 1            ; 0          ; 0    ; 0            ; 0 (0)        ; 0 (0)             ; 1 (1)            ; 0 (0)           ; 0 (0)      ; |main|clock_divisor:comb_10|flipflop_t:comb_5 ; flipflop_t    ; work         ;
;       |flipflop_t:comb_6|  ; 1 (1)       ; 1            ; 0          ; 0    ; 0            ; 0 (0)        ; 0 (0)             ; 1 (1)            ; 0 (0)           ; 0 (0)      ; |main|clock_divisor:comb_10|flipflop_t:comb_6 ; flipflop_t    ; work         ;
;       |flipflop_t:comb_7|  ; 1 (1)       ; 1            ; 0          ; 0    ; 0            ; 0 (0)        ; 0 (0)             ; 1 (1)            ; 0 (0)           ; 0 (0)      ; |main|clock_divisor:comb_10|flipflop_t:comb_7 ; flipflop_t    ; work         ;
;    |clock_divisor:comb_11| ; 5 (0)       ; 5            ; 0          ; 0    ; 0            ; 0 (0)        ; 0 (0)             ; 5 (0)            ; 0 (0)           ; 0 (0)      ; |main|clock_divisor:comb_11                   ; clock_divisor ; work         ;
;       |flipflop_t:comb_3|  ; 1 (1)       ; 1            ; 0          ; 0    ; 0            ; 0 (0)        ; 0 (0)             ; 1 (1)            ; 0 (0)           ; 0 (0)      ; |main|clock_divisor:comb_11|flipflop_t:comb_3 ; flipflop_t    ; work         ;
;       |flipflop_t:comb_4|  ; 1 (1)       ; 1            ; 0          ; 0    ; 0            ; 0 (0)        ; 0 (0)             ; 1 (1)            ; 0 (0)           ; 0 (0)      ; |main|clock_divisor:comb_11|flipflop_t:comb_4 ; flipflop_t    ; work         ;
;       |flipflop_t:comb_5|  ; 1 (1)       ; 1            ; 0          ; 0    ; 0            ; 0 (0)        ; 0 (0)             ; 1 (1)            ; 0 (0)           ; 0 (0)      ; |main|clock_divisor:comb_11|flipflop_t:comb_5 ; flipflop_t    ; work         ;
;       |flipflop_t:comb_6|  ; 1 (1)       ; 1            ; 0          ; 0    ; 0            ; 0 (0)        ; 0 (0)             ; 1 (1)            ; 0 (0)           ; 0 (0)      ; |main|clock_divisor:comb_11|flipflop_t:comb_6 ; flipflop_t    ; work         ;
;       |flipflop_t:comb_7|  ; 1 (1)       ; 1            ; 0          ; 0    ; 0            ; 0 (0)        ; 0 (0)             ; 1 (1)            ; 0 (0)           ; 0 (0)      ; |main|clock_divisor:comb_11|flipflop_t:comb_7 ; flipflop_t    ; work         ;
;    |clock_divisor:comb_12| ; 5 (0)       ; 5            ; 0          ; 0    ; 0            ; 0 (0)        ; 0 (0)             ; 5 (0)            ; 0 (0)           ; 0 (0)      ; |main|clock_divisor:comb_12                   ; clock_divisor ; work         ;
;       |flipflop_t:comb_3|  ; 1 (1)       ; 1            ; 0          ; 0    ; 0            ; 0 (0)        ; 0 (0)             ; 1 (1)            ; 0 (0)           ; 0 (0)      ; |main|clock_divisor:comb_12|flipflop_t:comb_3 ; flipflop_t    ; work         ;
;       |flipflop_t:comb_4|  ; 1 (1)       ; 1            ; 0          ; 0    ; 0            ; 0 (0)        ; 0 (0)             ; 1 (1)            ; 0 (0)           ; 0 (0)      ; |main|clock_divisor:comb_12|flipflop_t:comb_4 ; flipflop_t    ; work         ;
;       |flipflop_t:comb_5|  ; 1 (1)       ; 1            ; 0          ; 0    ; 0            ; 0 (0)        ; 0 (0)             ; 1 (1)            ; 0 (0)           ; 0 (0)      ; |main|clock_divisor:comb_12|flipflop_t:comb_5 ; flipflop_t    ; work         ;
;       |flipflop_t:comb_6|  ; 1 (1)       ; 1            ; 0          ; 0    ; 0            ; 0 (0)        ; 0 (0)             ; 1 (1)            ; 0 (0)           ; 0 (0)      ; |main|clock_divisor:comb_12|flipflop_t:comb_6 ; flipflop_t    ; work         ;
;       |flipflop_t:comb_7|  ; 1 (1)       ; 1            ; 0          ; 0    ; 0            ; 0 (0)        ; 0 (0)             ; 1 (1)            ; 0 (0)           ; 0 (0)      ; |main|clock_divisor:comb_12|flipflop_t:comb_7 ; flipflop_t    ; work         ;
;    |clock_divisor:comb_13| ; 5 (0)       ; 5            ; 0          ; 0    ; 0            ; 0 (0)        ; 0 (0)             ; 5 (0)            ; 0 (0)           ; 0 (0)      ; |main|clock_divisor:comb_13                   ; clock_divisor ; work         ;
;       |flipflop_t:comb_3|  ; 1 (1)       ; 1            ; 0          ; 0    ; 0            ; 0 (0)        ; 0 (0)             ; 1 (1)            ; 0 (0)           ; 0 (0)      ; |main|clock_divisor:comb_13|flipflop_t:comb_3 ; flipflop_t    ; work         ;
;       |flipflop_t:comb_4|  ; 1 (1)       ; 1            ; 0          ; 0    ; 0            ; 0 (0)        ; 0 (0)             ; 1 (1)            ; 0 (0)           ; 0 (0)      ; |main|clock_divisor:comb_13|flipflop_t:comb_4 ; flipflop_t    ; work         ;
;       |flipflop_t:comb_5|  ; 1 (1)       ; 1            ; 0          ; 0    ; 0            ; 0 (0)        ; 0 (0)             ; 1 (1)            ; 0 (0)           ; 0 (0)      ; |main|clock_divisor:comb_13|flipflop_t:comb_5 ; flipflop_t    ; work         ;
;       |flipflop_t:comb_6|  ; 1 (1)       ; 1            ; 0          ; 0    ; 0            ; 0 (0)        ; 0 (0)             ; 1 (1)            ; 0 (0)           ; 0 (0)      ; |main|clock_divisor:comb_13|flipflop_t:comb_6 ; flipflop_t    ; work         ;
;       |flipflop_t:comb_7|  ; 1 (1)       ; 1            ; 0          ; 0    ; 0            ; 0 (0)        ; 0 (0)             ; 1 (1)            ; 0 (0)           ; 0 (0)      ; |main|clock_divisor:comb_13|flipflop_t:comb_7 ; flipflop_t    ; work         ;
;    |clock_divisor:comb_14| ; 5 (0)       ; 5            ; 0          ; 0    ; 0            ; 0 (0)        ; 0 (0)             ; 5 (0)            ; 0 (0)           ; 0 (0)      ; |main|clock_divisor:comb_14                   ; clock_divisor ; work         ;
;       |flipflop_t:comb_3|  ; 1 (1)       ; 1            ; 0          ; 0    ; 0            ; 0 (0)        ; 0 (0)             ; 1 (1)            ; 0 (0)           ; 0 (0)      ; |main|clock_divisor:comb_14|flipflop_t:comb_3 ; flipflop_t    ; work         ;
;       |flipflop_t:comb_4|  ; 1 (1)       ; 1            ; 0          ; 0    ; 0            ; 0 (0)        ; 0 (0)             ; 1 (1)            ; 0 (0)           ; 0 (0)      ; |main|clock_divisor:comb_14|flipflop_t:comb_4 ; flipflop_t    ; work         ;
;       |flipflop_t:comb_5|  ; 1 (1)       ; 1            ; 0          ; 0    ; 0            ; 0 (0)        ; 0 (0)             ; 1 (1)            ; 0 (0)           ; 0 (0)      ; |main|clock_divisor:comb_14|flipflop_t:comb_5 ; flipflop_t    ; work         ;
;       |flipflop_t:comb_6|  ; 1 (1)       ; 1            ; 0          ; 0    ; 0            ; 0 (0)        ; 0 (0)             ; 1 (1)            ; 0 (0)           ; 0 (0)      ; |main|clock_divisor:comb_14|flipflop_t:comb_6 ; flipflop_t    ; work         ;
;       |flipflop_t:comb_7|  ; 1 (1)       ; 1            ; 0          ; 0    ; 0            ; 0 (0)        ; 0 (0)             ; 1 (1)            ; 0 (0)           ; 0 (0)      ; |main|clock_divisor:comb_14|flipflop_t:comb_7 ; flipflop_t    ; work         ;
;    |limp_register:comb_16| ; 6 (6)       ; 3            ; 0          ; 0    ; 0            ; 3 (3)        ; 0 (0)             ; 3 (3)            ; 0 (0)           ; 0 (0)      ; |main|limp_register:comb_16                   ; limp_register ; work         ;
;    |nivel_caixa:comb_15|   ; 17 (17)     ; 3            ; 0          ; 0    ; 0            ; 14 (14)      ; 3 (3)             ; 0 (0)            ; 0 (0)           ; 0 (0)      ; |main|nivel_caixa:comb_15                     ; nivel_caixa   ; work         ;
+----------------------------+-------------+--------------+------------+------+--------------+--------------+-------------------+------------------+-----------------+------------+-----------------------------------------------+---------------+--------------+
Note: For table entries with two numbers listed, the numbers in parentheses indicate the number of resources of the given type used by the specific entity alone. The numbers listed outside of parentheses indicate the total resources of the given type used by the specific entity and all of its sub-entities in the hierarchy.


Encoding Type:  One-Hot
+------------------------------------------------------------+
; State Machine - |main|MEF1:comb_18|state                   ;
+------------+------------+------------+----------+----------+
; Name       ; state.REGA ; state.ERRO ; state.EN ; state.VZ ;
+------------+------------+------------+----------+----------+
; state.VZ   ; 0          ; 0          ; 0        ; 0        ;
; state.EN   ; 0          ; 0          ; 1        ; 1        ;
; state.ERRO ; 0          ; 1          ; 0        ; 1        ;
; state.REGA ; 1          ; 0          ; 0        ; 1        ;
+------------+------------+------------+----------+----------+


Encoding Type:  One-Hot
+-------------------------------------------------+
; State Machine - |main|MEF2:comb_17|state        ;
+------------+------------+-----------+-----------+
; Name       ; state.NADA ; state.GOT ; state.ASP ;
+------------+------------+-----------+-----------+
; state.NADA ; 0          ; 0         ; 0         ;
; state.ASP  ; 1          ; 0         ; 1         ;
; state.GOT  ; 1          ; 1         ; 0         ;
+------------+------------+-----------+-----------+


Encoding Type:  One-Hot
+---------------------------------------------------+
; State Machine - |main|limp_register:comb_16|state ;
+------------+------------+------------+------------+
; Name       ; state.NADA ; state.LIMP ; state.ADB  ;
+------------+------------+------------+------------+
; state.NADA ; 0          ; 0          ; 0          ;
; state.ADB  ; 1          ; 0          ; 1          ;
; state.LIMP ; 1          ; 1          ; 0          ;
+------------+------------+------------+------------+


+--------------------------------------------------------------------------------------------------------+
; User-Specified and Inferred Latches                                                                    ;
+----------------------------------------------------+--------------------------+------------------------+
; Latch Name                                         ; Latch Enable Signal      ; Free of Timing Hazards ;
+----------------------------------------------------+--------------------------+------------------------+
; nivel_caixa:comb_15|ve                             ; nivel_caixa:comb_15|Mux0 ; yes                    ;
; nivel_caixa:comb_15|next_state[0]                  ; nivel_caixa:comb_15|Mux2 ; yes                    ;
; nivel_caixa:comb_15|next_state[1]                  ; nivel_caixa:comb_15|Mux2 ; yes                    ;
; nivel_caixa:comb_15|next_state[2]                  ; nivel_caixa:comb_15|Mux2 ; yes                    ;
; Number of user-specified and inferred latches = 4  ;                          ;                        ;
+----------------------------------------------------+--------------------------+------------------------+
Note: All latches listed above may not be present at the end of synthesis due to various synthesis optimizations.


+------------------------------------------------------------+
; Registers Removed During Synthesis                         ;
+---------------------------------------+--------------------+
; Register name                         ; Reason for Removal ;
+---------------------------------------+--------------------+
; MEF1:comb_18|state~4                  ; Lost fanout        ;
; MEF1:comb_18|state~5                  ; Lost fanout        ;
; MEF1:comb_18|state.VZ                 ; Lost fanout        ;
; MEF1:comb_18|state.EN                 ; Lost fanout        ;
; MEF1:comb_18|state.ERRO               ; Lost fanout        ;
; MEF1:comb_18|state.REGA               ; Lost fanout        ;
; MEF2:comb_17|state.ASP                ; Lost fanout        ;
; MEF2:comb_17|state.GOT                ; Lost fanout        ;
; Total Number of Removed Registers = 8 ;                    ;
+---------------------------------------+--------------------+


+------------------------------------------------------+
; General Register Statistics                          ;
+----------------------------------------------+-------+
; Statistic                                    ; Value ;
+----------------------------------------------+-------+
; Total registers                              ; 32    ;
; Number of registers using Synchronous Clear  ; 0     ;
; Number of registers using Synchronous Load   ; 0     ;
; Number of registers using Asynchronous Clear ; 7     ;
; Number of registers using Asynchronous Load  ; 0     ;
; Number of registers using Clock Enable       ; 0     ;
; Number of registers using Preset             ; 0     ;
+----------------------------------------------+-------+


+--------------------------------------------------------------------+
; Parameter Settings for User Entity Instance: limp_register:comb_16 ;
+----------------+-------+-------------------------------------------+
; Parameter Name ; Value ; Type                                      ;
+----------------+-------+-------------------------------------------+
; NADA           ; 00    ; Unsigned Binary                           ;
; ADB            ; 01    ; Unsigned Binary                           ;
; LIMP           ; 10    ; Unsigned Binary                           ;
+----------------+-------+-------------------------------------------+
Note: In order to hide this table in the UI and the text report file, please set the "Show Parameter Settings in Synthesis Report" option in "Analysis and Synthesis Settings -> More Settings" to "Off".


+-----------------------------------------------------------+
; Parameter Settings for User Entity Instance: MEF2:comb_17 ;
+----------------+-------+----------------------------------+
; Parameter Name ; Value ; Type                             ;
+----------------+-------+----------------------------------+
; NADA           ; 00    ; Unsigned Binary                  ;
; ASP            ; 01    ; Unsigned Binary                  ;
; GOT            ; 10    ; Unsigned Binary                  ;
+----------------+-------+----------------------------------+
Note: In order to hide this table in the UI and the text report file, please set the "Show Parameter Settings in Synthesis Report" option in "Analysis and Synthesis Settings -> More Settings" to "Off".


+-----------------------------------------------------------+
; Parameter Settings for User Entity Instance: MEF1:comb_18 ;
+----------------+-------+----------------------------------+
; Parameter Name ; Value ; Type                             ;
+----------------+-------+----------------------------------+
; VZ             ; 00    ; Unsigned Binary                  ;
; EN             ; 01    ; Unsigned Binary                  ;
; ERRO           ; 10    ; Unsigned Binary                  ;
; REGA           ; 11    ; Unsigned Binary                  ;
+----------------+-------+----------------------------------+
Note: In order to hide this table in the UI and the text report file, please set the "Show Parameter Settings in Synthesis Report" option in "Analysis and Synthesis Settings -> More Settings" to "Off".


+----------------------------------------------------------------------------------------------------------------+
; Port Connectivity Checks: "MEF1:comb_18"                                                                       ;
+------+--------+----------+-------------------------------------------------------------------------------------+
; Port ; Type   ; Severity ; Details                                                                             ;
+------+--------+----------+-------------------------------------------------------------------------------------+
; cout ; Output ; Info     ; Connected to dangling logic. Logic that only feeds a dangling port will be removed. ;
+------+--------+----------+-------------------------------------------------------------------------------------+


+-------------------------------------------------------------------------------------------------------------------------------------------------------------------------------------------------------------------+
; Port Connectivity Checks: "clock_divisor:comb_14"                                                                                                                                                                 ;
+-----------+-------+----------+------------------------------------------------------------------------------------------------------------------------------------------------------------------------------------+
; Port      ; Type  ; Severity ; Details                                                                                                                                                                            ;
+-----------+-------+----------+------------------------------------------------------------------------------------------------------------------------------------------------------------------------------------+
; reset     ; Input ; Warning  ; Input port expression (32 bits) is wider than the input port (1 bits) it drives.  The 31 most-significant bit(s) in the expression will be dangling if they have no other fanouts. ;
; reset[-1] ; Input ; Info     ; Stuck at VCC                                                                                                                                                                       ;
+-----------+-------+----------+------------------------------------------------------------------------------------------------------------------------------------------------------------------------------------+


+-------------------------------------------------------------------------------------------------------------------------------------------------------------------------------------------------------------------+
; Port Connectivity Checks: "clock_divisor:comb_13"                                                                                                                                                                 ;
+-----------+-------+----------+------------------------------------------------------------------------------------------------------------------------------------------------------------------------------------+
; Port      ; Type  ; Severity ; Details                                                                                                                                                                            ;
+-----------+-------+----------+------------------------------------------------------------------------------------------------------------------------------------------------------------------------------------+
; reset     ; Input ; Warning  ; Input port expression (32 bits) is wider than the input port (1 bits) it drives.  The 31 most-significant bit(s) in the expression will be dangling if they have no other fanouts. ;
; reset[-1] ; Input ; Info     ; Stuck at VCC                                                                                                                                                                       ;
+-----------+-------+----------+------------------------------------------------------------------------------------------------------------------------------------------------------------------------------------+


+-------------------------------------------------------------------------------------------------------------------------------------------------------------------------------------------------------------------+
; Port Connectivity Checks: "clock_divisor:comb_12"                                                                                                                                                                 ;
+-----------+-------+----------+------------------------------------------------------------------------------------------------------------------------------------------------------------------------------------+
; Port      ; Type  ; Severity ; Details                                                                                                                                                                            ;
+-----------+-------+----------+------------------------------------------------------------------------------------------------------------------------------------------------------------------------------------+
; reset     ; Input ; Warning  ; Input port expression (32 bits) is wider than the input port (1 bits) it drives.  The 31 most-significant bit(s) in the expression will be dangling if they have no other fanouts. ;
; reset[-1] ; Input ; Info     ; Stuck at VCC                                                                                                                                                                       ;
+-----------+-------+----------+------------------------------------------------------------------------------------------------------------------------------------------------------------------------------------+


+-------------------------------------------------------------------------------------------------------------------------------------------------------------------------------------------------------------------+
; Port Connectivity Checks: "clock_divisor:comb_11"                                                                                                                                                                 ;
+-----------+-------+----------+------------------------------------------------------------------------------------------------------------------------------------------------------------------------------------+
; Port      ; Type  ; Severity ; Details                                                                                                                                                                            ;
+-----------+-------+----------+------------------------------------------------------------------------------------------------------------------------------------------------------------------------------------+
; reset     ; Input ; Warning  ; Input port expression (32 bits) is wider than the input port (1 bits) it drives.  The 31 most-significant bit(s) in the expression will be dangling if they have no other fanouts. ;
; reset[-1] ; Input ; Info     ; Stuck at VCC                                                                                                                                                                       ;
+-----------+-------+----------+------------------------------------------------------------------------------------------------------------------------------------------------------------------------------------+


+---------------------------------------------------------------------------------------------------------------------------------------------------------------------------------------------------------------+
; Port Connectivity Checks: "clock_divisor:comb_10|flipflop_t:comb_7"                                                                                                                                           ;
+-------+-------+----------+------------------------------------------------------------------------------------------------------------------------------------------------------------------------------------+
; Port  ; Type  ; Severity ; Details                                                                                                                                                                            ;
+-------+-------+----------+------------------------------------------------------------------------------------------------------------------------------------------------------------------------------------+
; t     ; Input ; Warning  ; Input port expression (32 bits) is wider than the input port (1 bits) it drives.  The 31 most-significant bit(s) in the expression will be dangling if they have no other fanouts. ;
; t[-1] ; Input ; Info     ; Stuck at VCC                                                                                                                                                                       ;
+-------+-------+----------+------------------------------------------------------------------------------------------------------------------------------------------------------------------------------------+


+---------------------------------------------------------------------------------------------------------------------------------------------------------------------------------------------------------------+
; Port Connectivity Checks: "clock_divisor:comb_10|flipflop_t:comb_6"                                                                                                                                           ;
+-------+-------+----------+------------------------------------------------------------------------------------------------------------------------------------------------------------------------------------+
; Port  ; Type  ; Severity ; Details                                                                                                                                                                            ;
+-------+-------+----------+------------------------------------------------------------------------------------------------------------------------------------------------------------------------------------+
; t     ; Input ; Warning  ; Input port expression (32 bits) is wider than the input port (1 bits) it drives.  The 31 most-significant bit(s) in the expression will be dangling if they have no other fanouts. ;
; t[-1] ; Input ; Info     ; Stuck at VCC                                                                                                                                                                       ;
+-------+-------+----------+------------------------------------------------------------------------------------------------------------------------------------------------------------------------------------+


+---------------------------------------------------------------------------------------------------------------------------------------------------------------------------------------------------------------+
; Port Connectivity Checks: "clock_divisor:comb_10|flipflop_t:comb_5"                                                                                                                                           ;
+-------+-------+----------+------------------------------------------------------------------------------------------------------------------------------------------------------------------------------------+
; Port  ; Type  ; Severity ; Details                                                                                                                                                                            ;
+-------+-------+----------+------------------------------------------------------------------------------------------------------------------------------------------------------------------------------------+
; t     ; Input ; Warning  ; Input port expression (32 bits) is wider than the input port (1 bits) it drives.  The 31 most-significant bit(s) in the expression will be dangling if they have no other fanouts. ;
; t[-1] ; Input ; Info     ; Stuck at VCC                                                                                                                                                                       ;
+-------+-------+----------+------------------------------------------------------------------------------------------------------------------------------------------------------------------------------------+


+---------------------------------------------------------------------------------------------------------------------------------------------------------------------------------------------------------------+
; Port Connectivity Checks: "clock_divisor:comb_10|flipflop_t:comb_4"                                                                                                                                           ;
+-------+-------+----------+------------------------------------------------------------------------------------------------------------------------------------------------------------------------------------+
; Port  ; Type  ; Severity ; Details                                                                                                                                                                            ;
+-------+-------+----------+------------------------------------------------------------------------------------------------------------------------------------------------------------------------------------+
; t     ; Input ; Warning  ; Input port expression (32 bits) is wider than the input port (1 bits) it drives.  The 31 most-significant bit(s) in the expression will be dangling if they have no other fanouts. ;
; t[-1] ; Input ; Info     ; Stuck at VCC                                                                                                                                                                       ;
+-------+-------+----------+------------------------------------------------------------------------------------------------------------------------------------------------------------------------------------+


+---------------------------------------------------------------------------------------------------------------------------------------------------------------------------------------------------------------+
; Port Connectivity Checks: "clock_divisor:comb_10|flipflop_t:comb_3"                                                                                                                                           ;
+-------+-------+----------+------------------------------------------------------------------------------------------------------------------------------------------------------------------------------------+
; Port  ; Type  ; Severity ; Details                                                                                                                                                                            ;
+-------+-------+----------+------------------------------------------------------------------------------------------------------------------------------------------------------------------------------------+
; t     ; Input ; Warning  ; Input port expression (32 bits) is wider than the input port (1 bits) it drives.  The 31 most-significant bit(s) in the expression will be dangling if they have no other fanouts. ;
; t[-1] ; Input ; Info     ; Stuck at VCC                                                                                                                                                                       ;
+-------+-------+----------+------------------------------------------------------------------------------------------------------------------------------------------------------------------------------------+


+-------------------------------------------------------------------------------------------------------------------------------------------------------------------------------------------------------------------+
; Port Connectivity Checks: "clock_divisor:comb_10"                                                                                                                                                                 ;
+-----------+-------+----------+------------------------------------------------------------------------------------------------------------------------------------------------------------------------------------+
; Port      ; Type  ; Severity ; Details                                                                                                                                                                            ;
+-----------+-------+----------+------------------------------------------------------------------------------------------------------------------------------------------------------------------------------------+
; reset     ; Input ; Warning  ; Input port expression (32 bits) is wider than the input port (1 bits) it drives.  The 31 most-significant bit(s) in the expression will be dangling if they have no other fanouts. ;
; reset[-1] ; Input ; Info     ; Stuck at VCC                                                                                                                                                                       ;
+-----------+-------+----------+------------------------------------------------------------------------------------------------------------------------------------------------------------------------------------+


+-------------------------------+
; Analysis & Synthesis Messages ;
+-------------------------------+
Info: *******************************************************************
Info: Running Quartus Prime Analysis & Synthesis
    Info: Version 20.1.1 Build 720 11/11/2020 SJ Lite Edition
    Info: Processing started: Fri Jul 19 15:09:01 2024
Info: Command: quartus_map --read_settings_files=on --write_settings_files=off selena_gomes -c selena_gomes
Warning (18236): Number of processors has not been specified which may cause overloading on shared machines.  Set the global assignment NUM_PARALLEL_PROCESSORS in your QSF to an appropriate value for best performance.
Info (20030): Parallel compilation is enabled and will use 6 of the 6 processors detected
Info (12021): Found 1 design units, including 1 entities, in source file main.v
    Info (12023): Found entity 1: main File: /home/aluno/PBL3_implementa3/main.v Line: 1
Info (12021): Found 1 design units, including 1 entities, in source file divisor_clock.v
    Info (12023): Found entity 1: clock_divisor File: /home/aluno/PBL3_implementa3/divisor_clock.v Line: 1
Info (12021): Found 1 design units, including 1 entities, in source file nivel_caixa.v
    Info (12023): Found entity 1: nivel_caixa File: /home/aluno/PBL3_implementa3/nivel_caixa.v Line: 1
Info (12021): Found 1 design units, including 1 entities, in source file flipflop_t.v
    Info (12023): Found entity 1: flipflop_t File: /home/aluno/PBL3_implementa3/flipflop_t.v Line: 1
Info (12021): Found 1 design units, including 1 entities, in source file MEF1.v
    Info (12023): Found entity 1: MEF1 File: /home/aluno/PBL3_implementa3/MEF1.v Line: 1
Info (12021): Found 1 design units, including 1 entities, in source file MEF2.v
    Info (12023): Found entity 1: MEF2 File: /home/aluno/PBL3_implementa3/MEF2.v Line: 1
Info (12021): Found 1 design units, including 1 entities, in source file limp_register.v
    Info (12023): Found entity 1: limp_register File: /home/aluno/PBL3_implementa3/limp_register.v Line: 1
Info (12021): Found 1 design units, including 1 entities, in source file valida_rega.v
    Info (12023): Found entity 1: valida_rega File: /home/aluno/PBL3_implementa3/valida_rega.v Line: 1
Warning (10236): Verilog HDL Implicit Net warning at main.v(5): created implicit net for "adbN" File: /home/aluno/PBL3_implementa3/main.v Line: 5
Warning (10236): Verilog HDL Implicit Net warning at main.v(6): created implicit net for "rega" File: /home/aluno/PBL3_implementa3/main.v Line: 6
Warning (10236): Verilog HDL Implicit Net warning at main.v(8): created implicit net for "rega_begin" File: /home/aluno/PBL3_implementa3/main.v Line: 8
Warning (10236): Verilog HDL Implicit Net warning at main.v(9): created implicit net for "c" File: /home/aluno/PBL3_implementa3/main.v Line: 9
Warning (10236): Verilog HDL Implicit Net warning at main.v(11): created implicit net for "rega_open" File: /home/aluno/PBL3_implementa3/main.v Line: 11
Warning (10236): Verilog HDL Implicit Net warning at main.v(12): created implicit net for "Low" File: /home/aluno/PBL3_implementa3/main.v Line: 12
Warning (10236): Verilog HDL Implicit Net warning at main.v(13): created implicit net for "aduba" File: /home/aluno/PBL3_implementa3/main.v Line: 13
Warning (10236): Verilog HDL Implicit Net warning at main.v(15): created implicit net for "new_frequency1" File: /home/aluno/PBL3_implementa3/main.v Line: 15
Warning (10236): Verilog HDL Implicit Net warning at main.v(16): created implicit net for "new_frequency2" File: /home/aluno/PBL3_implementa3/main.v Line: 16
Warning (10236): Verilog HDL Implicit Net warning at main.v(17): created implicit net for "new_frequency3" File: /home/aluno/PBL3_implementa3/main.v Line: 17
Warning (10236): Verilog HDL Implicit Net warning at main.v(18): created implicit net for "new_frequency4" File: /home/aluno/PBL3_implementa3/main.v Line: 18
Warning (10236): Verilog HDL Implicit Net warning at main.v(19): created implicit net for "new_frequency5" File: /home/aluno/PBL3_implementa3/main.v Line: 19
Warning (10236): Verilog HDL Implicit Net warning at divisor_clock.v(8): created implicit net for "wire_1" File: /home/aluno/PBL3_implementa3/divisor_clock.v Line: 8
Warning (10236): Verilog HDL Implicit Net warning at divisor_clock.v(9): created implicit net for "wire_2" File: /home/aluno/PBL3_implementa3/divisor_clock.v Line: 9
Warning (10236): Verilog HDL Implicit Net warning at divisor_clock.v(10): created implicit net for "wire_3" File: /home/aluno/PBL3_implementa3/divisor_clock.v Line: 10
Warning (10236): Verilog HDL Implicit Net warning at divisor_clock.v(11): created implicit net for "wire_4" File: /home/aluno/PBL3_implementa3/divisor_clock.v Line: 11
Warning (10236): Verilog HDL Implicit Net warning at nivel_caixa.v(10): created implicit net for "resetN" File: /home/aluno/PBL3_implementa3/nivel_caixa.v Line: 10
Warning (10236): Verilog HDL Implicit Net warning at MEF1.v(11): created implicit net for "resetN" File: /home/aluno/PBL3_implementa3/MEF1.v Line: 11
Warning (10236): Verilog HDL Implicit Net warning at MEF2.v(8): created implicit net for "resetN" File: /home/aluno/PBL3_implementa3/MEF2.v Line: 8
Warning (10236): Verilog HDL Implicit Net warning at limp_register.v(12): created implicit net for "resetN" File: /home/aluno/PBL3_implementa3/limp_register.v Line: 12
Warning (10236): Verilog HDL Implicit Net warning at limp_register.v(13): created implicit net for "adbn" File: /home/aluno/PBL3_implementa3/limp_register.v Line: 13
Critical Warning (10846): Verilog HDL Instantiation warning at divisor_clock.v(8): instance has no name File: /home/aluno/PBL3_implementa3/divisor_clock.v Line: 8
Critical Warning (10846): Verilog HDL Instantiation warning at divisor_clock.v(9): instance has no name File: /home/aluno/PBL3_implementa3/divisor_clock.v Line: 9
Critical Warning (10846): Verilog HDL Instantiation warning at divisor_clock.v(10): instance has no name File: /home/aluno/PBL3_implementa3/divisor_clock.v Line: 10
Critical Warning (10846): Verilog HDL Instantiation warning at divisor_clock.v(11): instance has no name File: /home/aluno/PBL3_implementa3/divisor_clock.v Line: 11
Critical Warning (10846): Verilog HDL Instantiation warning at divisor_clock.v(13): instance has no name File: /home/aluno/PBL3_implementa3/divisor_clock.v Line: 13
Critical Warning (10846): Verilog HDL Instantiation warning at main.v(15): instance has no name File: /home/aluno/PBL3_implementa3/main.v Line: 15
Critical Warning (10846): Verilog HDL Instantiation warning at main.v(16): instance has no name File: /home/aluno/PBL3_implementa3/main.v Line: 16
Critical Warning (10846): Verilog HDL Instantiation warning at main.v(17): instance has no name File: /home/aluno/PBL3_implementa3/main.v Line: 17
Critical Warning (10846): Verilog HDL Instantiation warning at main.v(18): instance has no name File: /home/aluno/PBL3_implementa3/main.v Line: 18
Critical Warning (10846): Verilog HDL Instantiation warning at main.v(19): instance has no name File: /home/aluno/PBL3_implementa3/main.v Line: 19
Critical Warning (10846): Verilog HDL Instantiation warning at main.v(23): instance has no name File: /home/aluno/PBL3_implementa3/main.v Line: 23
Critical Warning (10846): Verilog HDL Instantiation warning at main.v(25): instance has no name File: /home/aluno/PBL3_implementa3/main.v Line: 25
Critical Warning (10846): Verilog HDL Instantiation warning at main.v(27): instance has no name File: /home/aluno/PBL3_implementa3/main.v Line: 27
Critical Warning (10846): Verilog HDL Instantiation warning at main.v(28): instance has no name File: /home/aluno/PBL3_implementa3/main.v Line: 28
Info (12127): Elaborating entity "main" for the top level hierarchy
Info (12128): Elaborating entity "clock_divisor" for hierarchy "clock_divisor:comb_10" File: /home/aluno/PBL3_implementa3/main.v Line: 15
Info (12128): Elaborating entity "flipflop_t" for hierarchy "clock_divisor:comb_10|flipflop_t:comb_3" File: /home/aluno/PBL3_implementa3/divisor_clock.v Line: 8
Info (12128): Elaborating entity "nivel_caixa" for hierarchy "nivel_caixa:comb_15" File: /home/aluno/PBL3_implementa3/main.v Line: 23
Warning (10230): Verilog HDL assignment warning at nivel_caixa.v(18): truncated value with size 4 to match size of target (3) File: /home/aluno/PBL3_implementa3/nivel_caixa.v Line: 18
Warning (10230): Verilog HDL assignment warning at nivel_caixa.v(29): truncated value with size 32 to match size of target (3) File: /home/aluno/PBL3_implementa3/nivel_caixa.v Line: 29
Warning (10230): Verilog HDL assignment warning at nivel_caixa.v(35): truncated value with size 32 to match size of target (3) File: /home/aluno/PBL3_implementa3/nivel_caixa.v Line: 35
Warning (10230): Verilog HDL assignment warning at nivel_caixa.v(42): truncated value with size 32 to match size of target (3) File: /home/aluno/PBL3_implementa3/nivel_caixa.v Line: 42
Warning (10230): Verilog HDL assignment warning at nivel_caixa.v(44): truncated value with size 32 to match size of target (3) File: /home/aluno/PBL3_implementa3/nivel_caixa.v Line: 44
Warning (10230): Verilog HDL assignment warning at nivel_caixa.v(45): truncated value with size 32 to match size of target (3) File: /home/aluno/PBL3_implementa3/nivel_caixa.v Line: 45
Warning (10230): Verilog HDL assignment warning at nivel_caixa.v(50): truncated value with size 32 to match size of target (3) File: /home/aluno/PBL3_implementa3/nivel_caixa.v Line: 50
Warning (10230): Verilog HDL assignment warning at nivel_caixa.v(51): truncated value with size 32 to match size of target (3) File: /home/aluno/PBL3_implementa3/nivel_caixa.v Line: 51
Warning (10240): Verilog HDL Always Construct warning at nivel_caixa.v(25): inferring latch(es) for variable "ve", which holds its previous value in one or more paths through the always construct File: /home/aluno/PBL3_implementa3/nivel_caixa.v Line: 25
Warning (10240): Verilog HDL Always Construct warning at nivel_caixa.v(25): inferring latch(es) for variable "next_state", which holds its previous value in one or more paths through the always construct File: /home/aluno/PBL3_implementa3/nivel_caixa.v Line: 25
Info (10041): Inferred latch for "next_state[0]" at nivel_caixa.v(25) File: /home/aluno/PBL3_implementa3/nivel_caixa.v Line: 25
Info (10041): Inferred latch for "next_state[1]" at nivel_caixa.v(25) File: /home/aluno/PBL3_implementa3/nivel_caixa.v Line: 25
Info (10041): Inferred latch for "next_state[2]" at nivel_caixa.v(25) File: /home/aluno/PBL3_implementa3/nivel_caixa.v Line: 25
Info (10041): Inferred latch for "ve" at nivel_caixa.v(25) File: /home/aluno/PBL3_implementa3/nivel_caixa.v Line: 25
Info (12128): Elaborating entity "limp_register" for hierarchy "limp_register:comb_16" File: /home/aluno/PBL3_implementa3/main.v Line: 25
Info (12128): Elaborating entity "MEF2" for hierarchy "MEF2:comb_17" File: /home/aluno/PBL3_implementa3/main.v Line: 27
Info (12128): Elaborating entity "MEF1" for hierarchy "MEF1:comb_18" File: /home/aluno/PBL3_implementa3/main.v Line: 28
Warning (12020): Port "ordered port 3" on the entity instantiation of "comb_7" is connected to a signal of width 32. The formal width of the signal in the module is 1.  The extra bits will be ignored. File: /home/aluno/PBL3_implementa3/divisor_clock.v Line: 13
Warning (12020): Port "ordered port 3" on the entity instantiation of "comb_6" is connected to a signal of width 32. The formal width of the signal in the module is 1.  The extra bits will be ignored. File: /home/aluno/PBL3_implementa3/divisor_clock.v Line: 11
Warning (12020): Port "ordered port 3" on the entity instantiation of "comb_5" is connected to a signal of width 32. The formal width of the signal in the module is 1.  The extra bits will be ignored. File: /home/aluno/PBL3_implementa3/divisor_clock.v Line: 10
Warning (12020): Port "ordered port 3" on the entity instantiation of "comb_4" is connected to a signal of width 32. The formal width of the signal in the module is 1.  The extra bits will be ignored. File: /home/aluno/PBL3_implementa3/divisor_clock.v Line: 9
Warning (12020): Port "ordered port 3" on the entity instantiation of "comb_3" is connected to a signal of width 32. The formal width of the signal in the module is 1.  The extra bits will be ignored. File: /home/aluno/PBL3_implementa3/divisor_clock.v Line: 8
Warning (12020): Port "ordered port 3" on the entity instantiation of "comb_7" is connected to a signal of width 32. The formal width of the signal in the module is 1.  The extra bits will be ignored. File: /home/aluno/PBL3_implementa3/divisor_clock.v Line: 13
Warning (12020): Port "ordered port 3" on the entity instantiation of "comb_6" is connected to a signal of width 32. The formal width of the signal in the module is 1.  The extra bits will be ignored. File: /home/aluno/PBL3_implementa3/divisor_clock.v Line: 11
Warning (12020): Port "ordered port 3" on the entity instantiation of "comb_5" is connected to a signal of width 32. The formal width of the signal in the module is 1.  The extra bits will be ignored. File: /home/aluno/PBL3_implementa3/divisor_clock.v Line: 10
Warning (12020): Port "ordered port 3" on the entity instantiation of "comb_4" is connected to a signal of width 32. The formal width of the signal in the module is 1.  The extra bits will be ignored. File: /home/aluno/PBL3_implementa3/divisor_clock.v Line: 9
Warning (12020): Port "ordered port 3" on the entity instantiation of "comb_3" is connected to a signal of width 32. The formal width of the signal in the module is 1.  The extra bits will be ignored. File: /home/aluno/PBL3_implementa3/divisor_clock.v Line: 8
Warning (12020): Port "ordered port 3" on the entity instantiation of "comb_7" is connected to a signal of width 32. The formal width of the signal in the module is 1.  The extra bits will be ignored. File: /home/aluno/PBL3_implementa3/divisor_clock.v Line: 13
Warning (12020): Port "ordered port 3" on the entity instantiation of "comb_6" is connected to a signal of width 32. The formal width of the signal in the module is 1.  The extra bits will be ignored. File: /home/aluno/PBL3_implementa3/divisor_clock.v Line: 11
Warning (12020): Port "ordered port 3" on the entity instantiation of "comb_5" is connected to a signal of width 32. The formal width of the signal in the module is 1.  The extra bits will be ignored. File: /home/aluno/PBL3_implementa3/divisor_clock.v Line: 10
Warning (12020): Port "ordered port 3" on the entity instantiation of "comb_4" is connected to a signal of width 32. The formal width of the signal in the module is 1.  The extra bits will be ignored. File: /home/aluno/PBL3_implementa3/divisor_clock.v Line: 9
Warning (12020): Port "ordered port 3" on the entity instantiation of "comb_3" is connected to a signal of width 32. The formal width of the signal in the module is 1.  The extra bits will be ignored. File: /home/aluno/PBL3_implementa3/divisor_clock.v Line: 8
Warning (12020): Port "ordered port 3" on the entity instantiation of "comb_7" is connected to a signal of width 32. The formal width of the signal in the module is 1.  The extra bits will be ignored. File: /home/aluno/PBL3_implementa3/divisor_clock.v Line: 13
Warning (12020): Port "ordered port 3" on the entity instantiation of "comb_6" is connected to a signal of width 32. The formal width of the signal in the module is 1.  The extra bits will be ignored. File: /home/aluno/PBL3_implementa3/divisor_clock.v Line: 11
Warning (12020): Port "ordered port 3" on the entity instantiation of "comb_5" is connected to a signal of width 32. The formal width of the signal in the module is 1.  The extra bits will be ignored. File: /home/aluno/PBL3_implementa3/divisor_clock.v Line: 10
Warning (12020): Port "ordered port 3" on the entity instantiation of "comb_4" is connected to a signal of width 32. The formal width of the signal in the module is 1.  The extra bits will be ignored. File: /home/aluno/PBL3_implementa3/divisor_clock.v Line: 9
Warning (12020): Port "ordered port 3" on the entity instantiation of "comb_3" is connected to a signal of width 32. The formal width of the signal in the module is 1.  The extra bits will be ignored. File: /home/aluno/PBL3_implementa3/divisor_clock.v Line: 8
Warning (12241): 10 hierarchies have connectivity warnings - see the Connectivity Checks report folder
Warning (13012): Latch nivel_caixa:comb_15|ve has unsafe behavior File: /home/aluno/PBL3_implementa3/nivel_caixa.v Line: 25
    Warning (13013): Ports D and ENA on the latch are fed by the same signal nivel_caixa:comb_15|state[1] File: /home/aluno/PBL3_implementa3/nivel_caixa.v Line: 21
Warning (13012): Latch nivel_caixa:comb_15|next_state[0] has unsafe behavior File: /home/aluno/PBL3_implementa3/nivel_caixa.v Line: 25
    Warning (13013): Ports D and ENA on the latch are fed by the same signal nivel_caixa:comb_15|state[0] File: /home/aluno/PBL3_implementa3/nivel_caixa.v Line: 21
Warning (13012): Latch nivel_caixa:comb_15|next_state[1] has unsafe behavior File: /home/aluno/PBL3_implementa3/nivel_caixa.v Line: 25
    Warning (13013): Ports D and ENA on the latch are fed by the same signal nivel_caixa:comb_15|state[1] File: /home/aluno/PBL3_implementa3/nivel_caixa.v Line: 21
Warning (13012): Latch nivel_caixa:comb_15|next_state[2] has unsafe behavior File: /home/aluno/PBL3_implementa3/nivel_caixa.v Line: 25
    Warning (13013): Ports D and ENA on the latch are fed by the same signal nivel_caixa:comb_15|state[2] File: /home/aluno/PBL3_implementa3/nivel_caixa.v Line: 21
Info (17049): 8 registers lost all their fanouts during netlist optimizations.
Info (21057): Implemented 62 device resources after synthesis - the final resource count might be different
    Info (21058): Implemented 5 input pins
    Info (21059): Implemented 8 output pins
    Info (21061): Implemented 49 logic cells
Info (144001): Generated suppressed messages file /home/aluno/PBL3_implementa3/output_files/selena_gomes.map.smsg
Info: Quartus Prime Analysis & Synthesis was successful. 0 errors, 75 warnings
    Info: Peak virtual memory: 339 megabytes
    Info: Processing ended: Fri Jul 19 15:09:06 2024
    Info: Elapsed time: 00:00:05
    Info: Total CPU time (on all processors): 00:00:11


+------------------------------------------+
; Analysis & Synthesis Suppressed Messages ;
+------------------------------------------+
The suppressed messages can be found in /home/aluno/PBL3_implementa3/output_files/selena_gomes.map.smsg.


